[10:37:29] [Server thread/INFO]: Starting minecraft server version 1.8.8
[10:37:29] [Server thread/INFO]: Loading properties
[10:37:29] [Server thread/INFO]: Default game type: SURVIVAL
[10:37:30] [Server thread/INFO]: This server is running CraftBukkit version git-PaperSpigot-445 (MC: 1.8.8) (Implementing API version 1.8.8-R0.1-SNAPSHOT)
[10:37:30] [Server thread/INFO]: Debug logging is disabled
[10:37:30] [Server thread/INFO]: Spigot Timings: true - Verbose: true - Interval: 5m - Length: 60m
[10:37:30] [Server thread/INFO]: Server Ping Player Sample Count: 12

[10:37:30] [Server thread/INFO]: Using 4 threads for Netty based IO
[10:37:30] [Server thread/INFO]: Data value allowed items: 
[10:37:30] [Server thread/WARN]: java.lang.NoSuchFieldException: modifiers

[10:37:30] [Server thread/WARN]: 	at java.base/java.lang.Class.getDeclaredField(Class.java:2782)

[10:37:30] [Server thread/WARN]: 	at org.github.paperspigot.PaperSpigotConfig.stackableBuckets(PaperSpigotConfig.java:192)

[10:37:30] [Server thread/WARN]: 	at java.base/jdk.internal.reflect.DirectMethodHandleAccessor.invoke(DirectMethodHandleAccessor.java:103)

[10:37:30] [Server thread/WARN]: 	at java.base/java.lang.reflect.Method.invoke(Method.java:580)

[10:37:30] [Server thread/WARN]: 	at org.github.paperspigot.PaperSpigotConfig.readConfig(PaperSpigotConfig.java:84)

[10:37:30] [Server thread/WARN]: 	at org.github.paperspigot.PaperSpigotConfig.init(PaperSpigotConfig.java:62)

[10:37:30] [Server thread/WARN]: 	at net.minecraft.server.v1_8_R3.DedicatedServer.init(DedicatedServer.java:181)

[10:37:30] [Server thread/WARN]: 	at net.minecraft.server.v1_8_R3.MinecraftServer.run(MinecraftServer.java:563)

[10:37:30] [Server thread/WARN]: 	at java.base/java.lang.Thread.run(Thread.java:1583)

[10:37:30] [Server thread/INFO]: Generating keypair
[10:37:30] [Server thread/INFO]: Starting Minecraft server on localhost:25565
[10:37:30] [Server thread/INFO]: Your platform does not provide complete low-level API for accessing direct buffers reliably. Unless explicitly requested, heap buffer will always be preferred to avoid potential system unstability.
[10:37:30] [Server thread/INFO]: Using default channel type
[10:37:31] [Server thread/WARN]: Plugin `Multiverse_Spawn v1.1' uses the space-character (0x20) in its name `Multiverse Spawn' - this is discouraged
[10:37:31] [Server thread/INFO]: Set PluginClassLoader as parallel capable
[10:37:31] [Server thread/ERROR]: Could not load 'plugins/Multiverse-Inventories.jar' in folder 'plugins'
org.bukkit.plugin.UnknownDependencyException: Multiverse-Core
	at org.bukkit.plugin.SimplePluginManager.loadPlugins(SimplePluginManager.java:222) ~[patched_1.8.8.jar:git-PaperSpigot-445]
	at org.bukkit.craftbukkit.v1_8_R3.CraftServer.loadPlugins(CraftServer.java:293) ~[patched_1.8.8.jar:git-PaperSpigot-445]
	at net.minecraft.server.v1_8_R3.DedicatedServer.init(DedicatedServer.java:202) ~[patched_1.8.8.jar:git-PaperSpigot-445]
	at net.minecraft.server.v1_8_R3.MinecraftServer.run(MinecraftServer.java:563) ~[patched_1.8.8.jar:git-PaperSpigot-445]
	at java.lang.Thread.run(Thread.java:1583) [?:?]
[10:37:31] [Server thread/ERROR]: Could not load 'plugins/SBA-1.5.12.4-all.jar' in folder 'plugins'
org.bukkit.plugin.UnknownDependencyException: BedWars
	at org.bukkit.plugin.SimplePluginManager.loadPlugins(SimplePluginManager.java:222) ~[patched_1.8.8.jar:git-PaperSpigot-445]
	at org.bukkit.craftbukkit.v1_8_R3.CraftServer.loadPlugins(CraftServer.java:293) ~[patched_1.8.8.jar:git-PaperSpigot-445]
	at net.minecraft.server.v1_8_R3.DedicatedServer.init(DedicatedServer.java:202) ~[patched_1.8.8.jar:git-PaperSpigot-445]
	at net.minecraft.server.v1_8_R3.MinecraftServer.run(MinecraftServer.java:563) ~[patched_1.8.8.jar:git-PaperSpigot-445]
	at java.lang.Thread.run(Thread.java:1583) [?:?]
[10:37:31] [Server thread/INFO]: [OpenInventory] Loading OpenInventory v1.2
[10:37:31] [Server thread/INFO]: [MoreCommands] Loading MoreCommands v1.20.0
[10:37:31] [Server thread/INFO]: [WorldEdit] Loading WorldEdit v6.1;no_git_id
[10:37:31] [Server thread/INFO]: [Multiverse_Spawn] Loading Multiverse_Spawn v1.1
[10:37:31] [Server thread/INFO]: [ClearLag] Loading ClearLag v3.2.2
[10:37:31] [Server thread/INFO]: [SimpleHomes] Loading SimpleHomes v2.2
[10:37:31] [Server thread/INFO]: [ViaVersion] Loading ViaVersion v4.10.2
[10:37:31] [Server thread/INFO]: [ViaVersion] ViaVersion 4.10.2 is now loaded. Registering protocol transformers and injecting...
[10:37:32] [Via-Mappingloader-0/INFO]: [ViaVersion] Loading block connection mappings ...
[10:37:32] [Server thread/INFO]: [HolographicDisplays] Loading HolographicDisplays v3.0.4
[10:37:32] [Server thread/INFO]: [WorldGuard] Loading WorldGuard v6.1.3-SNAPSHOT;c904242
[10:37:32] [Server thread/INFO]: [Citizens] Loading Citizens v2.0.28-SNAPSHOT (build 2357)
[10:37:32] [Server thread/INFO]: [IslandWorld] Loading IslandWorld v9.7
[10:37:32] [Server thread/INFO]: [SuperVanish] Loading SuperVanish v6.2.12
[10:37:32] [Server thread/WARN]: **** SERVER IS RUNNING IN OFFLINE/INSECURE MODE!
[10:37:32] [Server thread/WARN]: The server will make no attempt to authenticate usernames. Beware.
[10:37:32] [Server thread/WARN]: While this makes the game possible to play without internet access, it also opens up the ability for hackers to connect with any username they choose.
[10:37:32] [Server thread/WARN]: To change this, set "online-mode" to "true" in the server.properties file.
[10:37:32] [Server thread/INFO]: **** Beginning UUID conversion, this may take A LONG time ****
[10:37:32] [Server thread/INFO]: Preparing level "world"
[10:37:32] [Server thread/INFO]: -------- World Settings For [world] --------
[10:37:32] [Server thread/INFO]: Mob Spawn Range: 4
[10:37:32] [Server thread/INFO]: Anti X-Ray: true
[10:37:32] [Server thread/INFO]: 	Engine Mode: 1
[10:37:32] [Server thread/INFO]: 	Hidden Blocks: [14, 15, 16, 21, 48, 49, 54, 56, 73, 74, 82, 129, 130]
[10:37:32] [Server thread/INFO]: 	Replace Blocks: [1, 5]
[10:37:32] [Server thread/INFO]: Nerfing mobs spawned from spawners: false
[10:37:32] [Server thread/INFO]: Cactus Growth Modifier: 100%
[10:37:32] [Server thread/INFO]: Cane Growth Modifier: 100%
[10:37:32] [Server thread/INFO]: Melon Growth Modifier: 100%
[10:37:32] [Server thread/INFO]: Mushroom Growth Modifier: 100%
[10:37:32] [Server thread/INFO]: Pumpkin Growth Modifier: 100%
[10:37:32] [Server thread/INFO]: Sapling Growth Modifier: 100%
[10:37:32] [Server thread/INFO]: Wheat Growth Modifier: 100%
[10:37:32] [Server thread/INFO]: NetherWart Growth Modifier: 100%
[10:37:32] [Server thread/INFO]: Entity Activation Range: An 32 / Mo 32 / Mi 16
[10:37:32] [Server thread/INFO]: Entity Tracking Range: Pl 48 / An 48 / Mo 48 / Mi 32 / Other 64
[10:37:32] [Server thread/INFO]: Hopper Transfer: 8 Hopper Check: 8 Hopper Amount: 1
[10:37:32] [Server thread/INFO]: Random Lighting Updates: false
[10:37:32] [Server thread/INFO]: Structure Info Saving: true
[10:37:32] [Server thread/INFO]: Sending up to 10 chunks per packet
[10:37:32] [Server thread/INFO]: Max Entity Collisions: 8
[10:37:32] [Server thread/INFO]: Custom Map Seeds:  Village: 10387312 Feature: 14357617
[10:37:32] [Server thread/INFO]: Max TNT Explosions: 100
[10:37:32] [Server thread/INFO]: Tile Max Tick Time: 50ms Entity max Tick Time: 50ms
[10:37:32] [Server thread/INFO]: Item Despawn Rate: 6000
[10:37:32] [Server thread/INFO]: Item Merge Radius: 2.5
[10:37:32] [Server thread/INFO]: Arrow Despawn Rate: 1200
[10:37:32] [Server thread/INFO]: Allow Zombie Pigmen to spawn from portal blocks: true
[10:37:32] [Server thread/INFO]: View Distance: 4
[10:37:32] [Server thread/INFO]: Zombie Aggressive Towards Villager: true
[10:37:32] [Server thread/INFO]: Chunks to Grow per Tick: 650
[10:37:32] [Server thread/INFO]: Clear tick list: false
[10:37:32] [Server thread/INFO]: Experience Merge Radius: 3.0
[10:37:32] [Server thread/INFO]: -------- World Settings For [world] --------
[10:37:32] [Server thread/INFO]: Living Entity Despawn Ranges:  Soft: 32 Hard: 128
[10:37:32] [Server thread/INFO]: Remove invalid mob spawner tile entities: true
[10:37:32] [Server thread/INFO]: Player blocking damage multiplier set to 0.5
[10:37:32] [Server thread/INFO]: Squids will spawn between Y: 45.0 and Y: 63.0
[10:37:32] [Server thread/INFO]: Max height for cactus growth 3. Max height for reed growth 3
[10:37:32] [Server thread/INFO]: Water over lava flow speed: 5
[10:37:32] [Server thread/INFO]: Fix TNT cannons: false
[10:37:32] [Server thread/INFO]: Allow undead horse types to be leashed: false
[10:37:32] [Server thread/INFO]: Keep spawn chunk loaded: true
[10:37:32] [Server thread/INFO]: World async lighting: false
[10:37:32] [Server thread/INFO]: WorldServer TickNextTick cap set at 10000
[10:37:32] [Server thread/INFO]: WorldServer TickNextTickList cap always processes redstone: false
[10:37:32] [Server thread/INFO]: -------- World Settings For [world_nether] --------
[10:37:32] [Server thread/INFO]: Mob Spawn Range: 4
[10:37:32] [Server thread/INFO]: Anti X-Ray: true
[10:37:32] [Server thread/INFO]: 	Engine Mode: 1
[10:37:32] [Server thread/INFO]: 	Hidden Blocks: [14, 15, 16, 21, 48, 49, 54, 56, 73, 74, 82, 129, 130]
[10:37:32] [Server thread/INFO]: 	Replace Blocks: [1, 5]
[10:37:32] [Server thread/INFO]: Nerfing mobs spawned from spawners: false
[10:37:32] [Server thread/INFO]: Cactus Growth Modifier: 100%
[10:37:32] [Server thread/INFO]: Cane Growth Modifier: 100%
[10:37:32] [Server thread/INFO]: Melon Growth Modifier: 100%
[10:37:32] [Server thread/INFO]: Mushroom Growth Modifier: 100%
[10:37:32] [Server thread/INFO]: Pumpkin Growth Modifier: 100%
[10:37:32] [Server thread/INFO]: Sapling Growth Modifier: 100%
[10:37:32] [Server thread/INFO]: Wheat Growth Modifier: 100%
[10:37:32] [Server thread/INFO]: NetherWart Growth Modifier: 100%
[10:37:32] [Server thread/INFO]: Entity Activation Range: An 32 / Mo 32 / Mi 16
[10:37:32] [Server thread/INFO]: Entity Tracking Range: Pl 48 / An 48 / Mo 48 / Mi 32 / Other 64
[10:37:32] [Server thread/INFO]: Hopper Transfer: 8 Hopper Check: 8 Hopper Amount: 1
[10:37:32] [Server thread/INFO]: Random Lighting Updates: false
[10:37:32] [Server thread/INFO]: Structure Info Saving: true
[10:37:32] [Server thread/INFO]: Sending up to 10 chunks per packet
[10:37:32] [Server thread/INFO]: Max Entity Collisions: 8
[10:37:32] [Server thread/INFO]: Custom Map Seeds:  Village: 10387312 Feature: 14357617
[10:37:32] [Server thread/INFO]: Max TNT Explosions: 100
[10:37:32] [Server thread/INFO]: Tile Max Tick Time: 50ms Entity max Tick Time: 50ms
[10:37:32] [Server thread/INFO]: Item Despawn Rate: 6000
[10:37:32] [Server thread/INFO]: Item Merge Radius: 2.5
[10:37:32] [Server thread/INFO]: Arrow Despawn Rate: 1200
[10:37:32] [Server thread/INFO]: Allow Zombie Pigmen to spawn from portal blocks: true
[10:37:32] [Server thread/INFO]: View Distance: 4
[10:37:32] [Server thread/INFO]: Zombie Aggressive Towards Villager: true
[10:37:32] [Server thread/INFO]: Chunks to Grow per Tick: 650
[10:37:32] [Server thread/INFO]: Clear tick list: false
[10:37:32] [Server thread/INFO]: Experience Merge Radius: 3.0
[10:37:32] [Server thread/INFO]: -------- World Settings For [world_nether] --------
[10:37:32] [Server thread/INFO]: Living Entity Despawn Ranges:  Soft: 32 Hard: 128
[10:37:32] [Server thread/INFO]: Remove invalid mob spawner tile entities: true
[10:37:32] [Server thread/INFO]: Player blocking damage multiplier set to 0.5
[10:37:32] [Server thread/INFO]: Squids will spawn between Y: 45.0 and Y: 63.0
[10:37:32] [Server thread/INFO]: Max height for cactus growth 3. Max height for reed growth 3
[10:37:32] [Server thread/INFO]: Water over lava flow speed: 5
[10:37:32] [Server thread/INFO]: Fix TNT cannons: false
[10:37:32] [Server thread/INFO]: Allow undead horse types to be leashed: false
[10:37:32] [Server thread/INFO]: Keep spawn chunk loaded: true
[10:37:32] [Server thread/INFO]: World async lighting: false
[10:37:32] [Server thread/INFO]: WorldServer TickNextTick cap set at 10000
[10:37:32] [Server thread/INFO]: WorldServer TickNextTickList cap always processes redstone: false
[10:37:32] [Server thread/INFO]: -------- World Settings For [world_the_end] --------
[10:37:32] [Server thread/INFO]: Mob Spawn Range: 4
[10:37:32] [Server thread/INFO]: Anti X-Ray: true
[10:37:32] [Server thread/INFO]: 	Engine Mode: 1
[10:37:32] [Server thread/INFO]: 	Hidden Blocks: [14, 15, 16, 21, 48, 49, 54, 56, 73, 74, 82, 129, 130]
[10:37:32] [Server thread/INFO]: 	Replace Blocks: [1, 5]
[10:37:32] [Server thread/INFO]: Nerfing mobs spawned from spawners: false
[10:37:32] [Server thread/INFO]: Cactus Growth Modifier: 100%
[10:37:32] [Server thread/INFO]: Cane Growth Modifier: 100%
[10:37:32] [Server thread/INFO]: Melon Growth Modifier: 100%
[10:37:32] [Server thread/INFO]: Mushroom Growth Modifier: 100%
[10:37:32] [Server thread/INFO]: Pumpkin Growth Modifier: 100%
[10:37:32] [Server thread/INFO]: Sapling Growth Modifier: 100%
[10:37:32] [Server thread/INFO]: Wheat Growth Modifier: 100%
[10:37:32] [Server thread/INFO]: NetherWart Growth Modifier: 100%
[10:37:32] [Server thread/INFO]: Entity Activation Range: An 32 / Mo 32 / Mi 16
[10:37:32] [Server thread/INFO]: Entity Tracking Range: Pl 48 / An 48 / Mo 48 / Mi 32 / Other 64
[10:37:32] [Server thread/INFO]: Hopper Transfer: 8 Hopper Check: 8 Hopper Amount: 1
[10:37:32] [Server thread/INFO]: Random Lighting Updates: false
[10:37:32] [Server thread/INFO]: Structure Info Saving: true
[10:37:32] [Server thread/INFO]: Sending up to 10 chunks per packet
[10:37:32] [Server thread/INFO]: Max Entity Collisions: 8
[10:37:32] [Server thread/INFO]: Custom Map Seeds:  Village: 10387312 Feature: 14357617
[10:37:32] [Server thread/INFO]: Max TNT Explosions: 100
[10:37:32] [Server thread/INFO]: Tile Max Tick Time: 50ms Entity max Tick Time: 50ms
[10:37:32] [Server thread/INFO]: Item Despawn Rate: 6000
[10:37:32] [Server thread/INFO]: Item Merge Radius: 2.5
[10:37:32] [Server thread/INFO]: Arrow Despawn Rate: 1200
[10:37:32] [Server thread/INFO]: Allow Zombie Pigmen to spawn from portal blocks: true
[10:37:32] [Server thread/INFO]: View Distance: 4
[10:37:32] [Server thread/INFO]: Zombie Aggressive Towards Villager: true
[10:37:32] [Server thread/INFO]: Chunks to Grow per Tick: 650
[10:37:32] [Server thread/INFO]: Clear tick list: false
[10:37:32] [Server thread/INFO]: Experience Merge Radius: 3.0
[10:37:32] [Server thread/INFO]: -------- World Settings For [world_the_end] --------
[10:37:32] [Server thread/INFO]: Living Entity Despawn Ranges:  Soft: 32 Hard: 128
[10:37:32] [Server thread/INFO]: Remove invalid mob spawner tile entities: true
[10:37:32] [Server thread/INFO]: Player blocking damage multiplier set to 0.5
[10:37:32] [Server thread/INFO]: Squids will spawn between Y: 45.0 and Y: 63.0
[10:37:32] [Server thread/INFO]: Max height for cactus growth 3. Max height for reed growth 3
[10:37:32] [Server thread/INFO]: Water over lava flow speed: 5
[10:37:32] [Server thread/INFO]: Fix TNT cannons: false
[10:37:32] [Server thread/INFO]: Allow undead horse types to be leashed: false
[10:37:32] [Server thread/INFO]: Keep spawn chunk loaded: true
[10:37:32] [Server thread/INFO]: World async lighting: false
[10:37:32] [Server thread/INFO]: WorldServer TickNextTick cap set at 10000
[10:37:32] [Server thread/INFO]: WorldServer TickNextTickList cap always processes redstone: false
[10:37:32] [Server thread/INFO]: Preparing start region for level 0 (Seed: 0)
[10:37:33] [Server thread/INFO]: Preparing spawn area: 69%
[10:37:33] [Server thread/INFO]: Preparing start region for level 1 (Seed: -1931394890937898732)
[10:37:34] [Server thread/INFO]: Preparing spawn area: 83%
[10:37:35] [Server thread/INFO]: Preparing start region for level 2 (Seed: -1931394890937898732)
[10:37:35] [Server thread/INFO]: [OpenInventory] Enabling OpenInventory v1.2
[10:37:35] [Server thread/INFO]: [OpenInventory] OpenInventory v.1.2 has been enabled!
[10:37:35] [Server thread/INFO]: [MoreCommands] Enabling MoreCommands v1.20.0
[10:37:35] [Server thread/INFO]: [WorldEdit] Enabling WorldEdit v6.1;no_git_id
[10:37:35] [Server thread/INFO]: WEPIF: Using the Bukkit Permissions API.
[10:37:35] [Server thread/INFO]: [WorldEdit] Using com.sk89q.worldedit.bukkit.adapter.impl.Spigot_v1_8_R3 as the Bukkit adapter
[10:37:35] [Server thread/INFO]: [Multiverse_Spawn] Enabling Multiverse_Spawn v1.1
[10:37:35] [Server thread/INFO]: [0;31;1m---------------------[m

[10:37:35] [Server thread/INFO]: [0;32;1mMultiverse Spawn[m

[10:37:35] [Server thread/INFO]: [0;32;1mBy: ErkePannekake[m

[10:37:35] [Server thread/INFO]: [0;32;1mVersion: 1.1[m

[10:37:35] [Server thread/INFO]: [0;31;1m---------------------[m

[10:37:35] [Server thread/INFO]: [ClearLag] Enabling ClearLag v3.2.2
[10:37:35] [Server thread/INFO]: [ClearLag] Using version-adapter: LegacyVersionAdapter
[10:37:35] [Server thread/INFO]: [ClearLag] Loading modules...
[10:37:35] [Server thread/INFO]: [ClearLag] Modules enabed, loading config values
[10:37:35] [Server thread/INFO]: [ClearLag] Modules have been loaded!
[10:37:35] [Server thread/INFO]: [ClearLag] Clearlag is now enabled!
[10:37:35] [Thread-6/INFO]: [ClearLag] Checking for updates compatible with your bukkit version [1.8]...
[10:37:35] [Server thread/INFO]: [SimpleHomes] Enabling SimpleHomes v2.2
[10:37:35] [Server thread/INFO]: [ViaVersion] Enabling ViaVersion v4.10.2
[10:37:35] [Server thread/INFO]: [HolographicDisplays] Enabling HolographicDisplays v3.0.4
[10:37:36] [Server thread/INFO]: [WorldGuard] Enabling WorldGuard v6.1.3-SNAPSHOT;c904242
[10:37:36] [Server thread/INFO]: [WorldGuard] (world) TNT ignition is PERMITTED.
[10:37:36] [Server thread/INFO]: [WorldGuard] (world) Lighters are PERMITTED.
[10:37:36] [Server thread/INFO]: [WorldGuard] (world) Lava fire is blocked.
[10:37:36] [Server thread/INFO]: [WorldGuard] (world) Fire spread is UNRESTRICTED.
[10:37:36] [Server thread/INFO]: [WorldGuard] Loaded configuration for world 'world'
[10:37:36] [Server thread/INFO]: [WorldGuard] (world_nether) TNT ignition is PERMITTED.
[10:37:36] [Server thread/INFO]: [WorldGuard] (world_nether) Lighters are PERMITTED.
[10:37:36] [Server thread/INFO]: [WorldGuard] (world_nether) Lava fire is blocked.
[10:37:36] [Server thread/INFO]: [WorldGuard] (world_nether) Fire spread is UNRESTRICTED.
[10:37:36] [Server thread/INFO]: [WorldGuard] Loaded configuration for world 'world_nether'
[10:37:36] [Server thread/INFO]: [WorldGuard] (world_the_end) TNT ignition is PERMITTED.
[10:37:36] [Server thread/INFO]: [WorldGuard] (world_the_end) Lighters are PERMITTED.
[10:37:36] [Server thread/INFO]: [WorldGuard] (world_the_end) Lava fire is blocked.
[10:37:36] [Server thread/INFO]: [WorldGuard] (world_the_end) Fire spread is UNRESTRICTED.
[10:37:36] [Server thread/INFO]: [WorldGuard] Loaded configuration for world 'world_the_end'
[10:37:36] [Server thread/INFO]: [WorldGuard] Loading region data...
[10:37:36] [Server thread/INFO]: [Citizens] Enabling Citizens v2.0.28-SNAPSHOT (build 2357)
[10:37:37] [Thread-6/INFO]: [ClearLag] No updates found!
[10:37:37] [Server thread/INFO]: [Citizens] Vault not found -> no economy handling.
[10:37:37] [Server thread/INFO]: [IslandWorld] Enabling IslandWorld v9.7
[10:37:37] [Server thread/INFO]: [IslandWorld] Dynmap support disabled
[10:37:37] [Server thread/INFO]: [IslandWorld] Saved plugins/IslandWorld/messages_def.yml
[10:37:37] [Server thread/INFO]: [IslandWorld] Trying to create new world
[10:37:37] [Server thread/INFO]: -------- World Settings For [islandworld] --------
[10:37:37] [Server thread/INFO]: Mob Spawn Range: 4
[10:37:37] [Server thread/INFO]: Anti X-Ray: true
[10:37:37] [Server thread/INFO]: 	Engine Mode: 1
[10:37:37] [Server thread/INFO]: 	Hidden Blocks: [14, 15, 16, 21, 48, 49, 54, 56, 73, 74, 82, 129, 130]
[10:37:37] [Server thread/INFO]: 	Replace Blocks: [1, 5]
[10:37:37] [Server thread/INFO]: Nerfing mobs spawned from spawners: false
[10:37:37] [Server thread/INFO]: Cactus Growth Modifier: 100%
[10:37:37] [Server thread/INFO]: Cane Growth Modifier: 100%
[10:37:37] [Server thread/INFO]: Melon Growth Modifier: 100%
[10:37:37] [Server thread/INFO]: Mushroom Growth Modifier: 100%
[10:37:37] [Server thread/INFO]: Pumpkin Growth Modifier: 100%
[10:37:37] [Server thread/INFO]: Sapling Growth Modifier: 100%
[10:37:37] [Server thread/INFO]: Wheat Growth Modifier: 100%
[10:37:37] [Server thread/INFO]: NetherWart Growth Modifier: 100%
[10:37:37] [Server thread/INFO]: Entity Activation Range: An 32 / Mo 32 / Mi 16
[10:37:37] [Server thread/INFO]: Entity Tracking Range: Pl 48 / An 48 / Mo 48 / Mi 32 / Other 64
[10:37:37] [Server thread/INFO]: Hopper Transfer: 8 Hopper Check: 8 Hopper Amount: 1
[10:37:37] [Server thread/INFO]: Random Lighting Updates: false
[10:37:37] [Server thread/INFO]: Structure Info Saving: true
[10:37:37] [Server thread/INFO]: Sending up to 10 chunks per packet
[10:37:37] [Server thread/INFO]: Max Entity Collisions: 8
[10:37:37] [Server thread/INFO]: Custom Map Seeds:  Village: 10387312 Feature: 14357617
[10:37:37] [Server thread/INFO]: Max TNT Explosions: 100
[10:37:37] [Server thread/INFO]: Tile Max Tick Time: 50ms Entity max Tick Time: 50ms
[10:37:37] [Server thread/INFO]: Item Despawn Rate: 6000
[10:37:37] [Server thread/INFO]: Item Merge Radius: 2.5
[10:37:37] [Server thread/INFO]: Arrow Despawn Rate: 1200
[10:37:37] [Server thread/INFO]: Allow Zombie Pigmen to spawn from portal blocks: true
[10:37:37] [Server thread/INFO]: View Distance: 4
[10:37:37] [Server thread/INFO]: Zombie Aggressive Towards Villager: true
[10:37:37] [Server thread/INFO]: Chunks to Grow per Tick: 650
[10:37:37] [Server thread/INFO]: Clear tick list: false
[10:37:37] [Server thread/INFO]: Experience Merge Radius: 3.0
[10:37:37] [Server thread/INFO]: -------- World Settings For [islandworld] --------
[10:37:37] [Server thread/INFO]: Living Entity Despawn Ranges:  Soft: 32 Hard: 128
[10:37:37] [Server thread/INFO]: Remove invalid mob spawner tile entities: true
[10:37:37] [Server thread/INFO]: Player blocking damage multiplier set to 0.5
[10:37:37] [Server thread/INFO]: Squids will spawn between Y: 45.0 and Y: 63.0
[10:37:37] [Server thread/INFO]: Max height for cactus growth 3. Max height for reed growth 3
[10:37:37] [Server thread/INFO]: Water over lava flow speed: 5
[10:37:37] [Server thread/INFO]: Fix TNT cannons: false
[10:37:37] [Server thread/INFO]: Allow undead horse types to be leashed: false
[10:37:37] [Server thread/INFO]: Keep spawn chunk loaded: true
[10:37:37] [Server thread/INFO]: World async lighting: false
[10:37:37] [Server thread/INFO]: WorldServer TickNextTick cap set at 10000
[10:37:37] [Server thread/INFO]: WorldServer TickNextTickList cap always processes redstone: false
[10:37:37] [Server thread/INFO]: Preparing start region for level 3 (Seed: -8486257293366723747)
[10:37:37] [Server thread/INFO]: [WorldGuard] (islandworld) TNT ignition is PERMITTED.
[10:37:37] [Server thread/INFO]: [WorldGuard] (islandworld) Lighters are PERMITTED.
[10:37:37] [Server thread/INFO]: [WorldGuard] (islandworld) Lava fire is blocked.
[10:37:37] [Server thread/INFO]: [WorldGuard] (islandworld) Fire spread is UNRESTRICTED.
[10:37:37] [Server thread/INFO]: [WorldGuard] Loaded configuration for world 'islandworld'
[10:37:37] [Server thread/INFO]: [IslandWorld] Worlds info: islandworld/world[-18.5/86/-251.5/0.0/0.0]
[10:37:37] [Server thread/INFO]: [IslandWorld] Using New Schematic Manager
[10:37:37] [Server thread/INFO]: [IslandWorld] Scheduling auto saver
[10:37:37] [Server thread/INFO]: [IslandWorld] Scheduling auto deleter
[10:37:37] [Server thread/INFO]: [IslandWorld] Checking for updates
[10:37:38] [Server thread/INFO]: [IslandWorld] ########## IslandWorld update ##########
[10:37:38] [Server thread/INFO]: [IslandWorld] A new version of IslandWorld was found!
[10:37:38] [Server thread/INFO]: [IslandWorld] Version found: Island World v8.4
[10:37:38] [Server thread/INFO]: [IslandWorld] Version running: IslandWorld v9.7
[10:37:38] [Server thread/INFO]: [IslandWorld] #####################################
[10:37:38] [Server thread/INFO]: [IslandWorld] Loaded 9999 free islands.
[10:37:38] [Server thread/INFO]: [IslandWorld] Loaded 0 taken islands.
[10:37:38] [Server thread/INFO]: [IslandWorld] Loaded 1 to break islands.
[10:37:38] [Server thread/INFO]: [IslandWorld] Loaded total 10000 total islands
[10:37:38] [Server thread/INFO]: [IslandWorld] Loaded 0 helping players.
[10:37:38] [Server thread/INFO]: [IslandWorld] Loaded 0 points.
[10:37:38] [Server thread/INFO]: [IslandWorld] [0;32;1mIslandWorld 9.7, compiled: Fri Jun 06 09:15:42 UTC 2025[m

[10:37:38] [Server thread/INFO]: [IslandWorld] Plugin enabled.
[10:37:38] [Server thread/INFO]: [SuperVanish] Enabling SuperVanish v6.2.12
[10:37:38] [Server thread/INFO]: [SuperVanish] Please install ProtocolLib to be able to use all SuperVanish features: https://www.spigotmc.org/resources/protocollib.1997/
[10:37:38] [Server thread/INFO]: [SuperVanish] Hooked into Citizens
[10:37:38] [Server thread/WARN]: Server permissions file permissions.yml is not valid YAML.
java.lang.ClassCastException: class java.lang.String cannot be cast to class java.util.Map (java.lang.String and java.util.Map are in module java.base of loader 'bootstrap')
	at org.bukkit.craftbukkit.v1_8_R3.CraftServer.loadCustomPermissions(CraftServer.java:802) ~[patched_1.8.8.jar:git-PaperSpigot-445]
	at org.bukkit.craftbukkit.v1_8_R3.CraftServer.enablePlugins(CraftServer.java:329) ~[patched_1.8.8.jar:git-PaperSpigot-445]
	at net.minecraft.server.v1_8_R3.MinecraftServer.s(MinecraftServer.java:408) ~[patched_1.8.8.jar:git-PaperSpigot-445]
	at net.minecraft.server.v1_8_R3.MinecraftServer.k(MinecraftServer.java:372) ~[patched_1.8.8.jar:git-PaperSpigot-445]
	at net.minecraft.server.v1_8_R3.MinecraftServer.a(MinecraftServer.java:327) ~[patched_1.8.8.jar:git-PaperSpigot-445]
	at net.minecraft.server.v1_8_R3.DedicatedServer.init(DedicatedServer.java:267) ~[patched_1.8.8.jar:git-PaperSpigot-445]
	at net.minecraft.server.v1_8_R3.MinecraftServer.run(MinecraftServer.java:563) ~[patched_1.8.8.jar:git-PaperSpigot-445]
	at java.lang.Thread.run(Thread.java:1583) [?:?]
[10:37:38] [Server thread/INFO]: Done (6.025s)! For help, type "help" or "?"
[10:37:38] [Server thread/INFO]: Timings Reset
[10:37:38] [Server thread/INFO]: [ViaVersion] ViaVersion detected server version: 1.8.x (47)
[10:37:38] [Server thread/WARN]: [ViaVersion] This version of Minecraft is extremely outdated and support for it has reached its end of life. You will still be able to run Via on this Minecraft version, but we are unlikely to provide any further fixes or help with problems specific to legacy Minecraft versions. Please consider updating to give your players a better experience and to avoid issues that have long been fixed.
[10:37:38] [Server thread/INFO]: [Citizens] Loaded 1 NPCs.
[10:37:38] [Craft Scheduler Thread - 2/INFO]: [ViaVersion] Finished mapping loading, shutting down loader executor!
[10:37:38] [Craft Scheduler Thread - 1/INFO]: [0;32;1m|==========================|[m

[10:37:38] [Craft Scheduler Thread - 1/INFO]: [0;32;1m|   [0;33;1mMoreCommands v1.20.0[0;32;1m   |[m

[10:37:38] [Craft Scheduler Thread - 1/INFO]: [0;32;1m| [0;37;1mMade by [0;33;22mPoisonNightBlade[0;32;1m |[m

[10:37:38] [Craft Scheduler Thread - 1/INFO]: [0;32;1m|==========================|[m

[10:37:38] [Server thread/INFO]: [SuperVanish] Your current version of SuperVanish is outdated - New version: '6.2.20'; Currently: '6.2.12'
[10:37:39] [Server thread/WARN]: [ViaVersion] There is a newer plugin version available: 5.3.2, you're on: 4.10.2
[10:53:59] [Server thread/INFO]: Unknown command. Type "/help" for help.[m

[10:54:03] [Server thread/INFO]: Unknown command. Type "/help" for help.[m

[10:54:05] [Server thread/INFO]: CONSOLE: [0;31;1mPlease note that this command is not supported and may cause issues when using some plugins.[m

[10:54:05] [Server thread/INFO]: CONSOLE: [0;31;1mIf you encounter any issues please use the /stop command to restart your server.[m

[10:54:05] [Server thread/INFO]: Debug logging is disabled
[10:54:05] [Server thread/INFO]: Spigot Timings: true - Verbose: true - Interval: 5m - Length: 60m
[10:54:05] [Server thread/INFO]: Server Ping Player Sample Count: 12

[10:54:05] [Server thread/INFO]: Using 4 threads for Netty based IO
[10:54:05] [Server thread/INFO]: Data value allowed items: 
[10:54:05] [Server thread/WARN]: java.lang.NoSuchFieldException: modifiers

[10:54:05] [Server thread/WARN]: 	at java.base/java.lang.Class.getDeclaredField(Class.java:2782)

[10:54:05] [Server thread/WARN]: 	at org.github.paperspigot.PaperSpigotConfig.stackableBuckets(PaperSpigotConfig.java:192)

[10:54:05] [Server thread/WARN]: 	at java.base/jdk.internal.reflect.DirectMethodHandleAccessor.invoke(DirectMethodHandleAccessor.java:103)

[10:54:05] [Server thread/WARN]: 	at java.base/java.lang.reflect.Method.invoke(Method.java:580)

[10:54:05] [Server thread/WARN]: 	at org.github.paperspigot.PaperSpigotConfig.readConfig(PaperSpigotConfig.java:84)

[10:54:05] [Server thread/WARN]: 	at org.github.paperspigot.PaperSpigotConfig.init(PaperSpigotConfig.java:62)

[10:54:05] [Server thread/WARN]: 	at org.bukkit.craftbukkit.v1_8_R3.CraftServer.reload(CraftServer.java:716)

[10:54:05] [Server thread/WARN]: 	at org.bukkit.Bukkit.reload(Bukkit.java:556)

[10:54:05] [Server thread/WARN]: 	at org.bukkit.command.defaults.ReloadCommand.execute(ReloadCommand.java:25)

[10:54:05] [Server thread/WARN]: 	at org.bukkit.command.SimpleCommandMap.dispatch(SimpleCommandMap.java:146)

[10:54:05] [Server thread/WARN]: 	at org.bukkit.craftbukkit.v1_8_R3.CraftServer.dispatchCommand(CraftServer.java:666)

[10:54:05] [Server thread/WARN]: 	at org.bukkit.craftbukkit.v1_8_R3.CraftServer.dispatchServerCommand(CraftServer.java:629)

[10:54:05] [Server thread/WARN]: 	at net.minecraft.server.v1_8_R3.DedicatedServer.aO(DedicatedServer.java:416)

[10:54:05] [Server thread/WARN]: 	at net.minecraft.server.v1_8_R3.DedicatedServer.B(DedicatedServer.java:379)

[10:54:05] [Server thread/WARN]: 	at net.minecraft.server.v1_8_R3.MinecraftServer.A(MinecraftServer.java:713)

[10:54:05] [Server thread/WARN]: 	at net.minecraft.server.v1_8_R3.MinecraftServer.run(MinecraftServer.java:616)

[10:54:05] [Server thread/WARN]: 	at java.base/java.lang.Thread.run(Thread.java:1583)

[10:54:05] [Server thread/INFO]: -------- World Settings For [world] --------
[10:54:05] [Server thread/INFO]: Mob Spawn Range: 4
[10:54:05] [Server thread/INFO]: Anti X-Ray: true
[10:54:05] [Server thread/INFO]: 	Engine Mode: 1
[10:54:05] [Server thread/INFO]: 	Hidden Blocks: [14, 15, 16, 21, 48, 49, 54, 56, 73, 74, 82, 129, 130]
[10:54:05] [Server thread/INFO]: 	Replace Blocks: [1, 5]
[10:54:05] [Server thread/INFO]: Nerfing mobs spawned from spawners: false
[10:54:05] [Server thread/INFO]: Cactus Growth Modifier: 100%
[10:54:05] [Server thread/INFO]: Cane Growth Modifier: 100%
[10:54:05] [Server thread/INFO]: Melon Growth Modifier: 100%
[10:54:05] [Server thread/INFO]: Mushroom Growth Modifier: 100%
[10:54:05] [Server thread/INFO]: Pumpkin Growth Modifier: 100%
[10:54:05] [Server thread/INFO]: Sapling Growth Modifier: 100%
[10:54:05] [Server thread/INFO]: Wheat Growth Modifier: 100%
[10:54:05] [Server thread/INFO]: NetherWart Growth Modifier: 100%
[10:54:05] [Server thread/INFO]: Entity Activation Range: An 32 / Mo 32 / Mi 16
[10:54:05] [Server thread/INFO]: Entity Tracking Range: Pl 48 / An 48 / Mo 48 / Mi 32 / Other 64
[10:54:05] [Server thread/INFO]: Hopper Transfer: 8 Hopper Check: 8 Hopper Amount: 1
[10:54:05] [Server thread/INFO]: Random Lighting Updates: false
[10:54:05] [Server thread/INFO]: Structure Info Saving: true
[10:54:05] [Server thread/INFO]: Sending up to 10 chunks per packet
[10:54:05] [Server thread/INFO]: Max Entity Collisions: 8
[10:54:05] [Server thread/INFO]: Custom Map Seeds:  Village: 10387312 Feature: 14357617
[10:54:05] [Server thread/INFO]: Max TNT Explosions: 100
[10:54:05] [Server thread/INFO]: Tile Max Tick Time: 50ms Entity max Tick Time: 50ms
[10:54:05] [Server thread/INFO]: Item Despawn Rate: 6000
[10:54:05] [Server thread/INFO]: Item Merge Radius: 2.5
[10:54:05] [Server thread/INFO]: Arrow Despawn Rate: 1200
[10:54:05] [Server thread/INFO]: Allow Zombie Pigmen to spawn from portal blocks: true
[10:54:05] [Server thread/INFO]: View Distance: 4
[10:54:05] [Server thread/INFO]: Zombie Aggressive Towards Villager: true
[10:54:05] [Server thread/INFO]: Chunks to Grow per Tick: 650
[10:54:05] [Server thread/INFO]: Clear tick list: false
[10:54:05] [Server thread/INFO]: Experience Merge Radius: 3.0
[10:54:05] [Server thread/INFO]: -------- World Settings For [world] --------
[10:54:05] [Server thread/INFO]: Living Entity Despawn Ranges:  Soft: 32 Hard: 128
[10:54:05] [Server thread/INFO]: Remove invalid mob spawner tile entities: true
[10:54:05] [Server thread/INFO]: Player blocking damage multiplier set to 0.5
[10:54:05] [Server thread/INFO]: Squids will spawn between Y: 45.0 and Y: 63.0
[10:54:05] [Server thread/INFO]: Max height for cactus growth 3. Max height for reed growth 3
[10:54:05] [Server thread/INFO]: Water over lava flow speed: 5
[10:54:05] [Server thread/INFO]: Fix TNT cannons: false
[10:54:05] [Server thread/INFO]: Allow undead horse types to be leashed: false
[10:54:06] [Server thread/INFO]: Keep spawn chunk loaded: true
[10:54:06] [Server thread/INFO]: World async lighting: false
[10:54:06] [Server thread/INFO]: WorldServer TickNextTick cap set at 10000
[10:54:06] [Server thread/INFO]: WorldServer TickNextTickList cap always processes redstone: false
[10:54:06] [Server thread/INFO]: -------- World Settings For [world_nether] --------
[10:54:06] [Server thread/INFO]: Mob Spawn Range: 4
[10:54:06] [Server thread/INFO]: Anti X-Ray: true
[10:54:06] [Server thread/INFO]: 	Engine Mode: 1
[10:54:06] [Server thread/INFO]: 	Hidden Blocks: [14, 15, 16, 21, 48, 49, 54, 56, 73, 74, 82, 129, 130]
[10:54:06] [Server thread/INFO]: 	Replace Blocks: [1, 5]
[10:54:06] [Server thread/INFO]: Nerfing mobs spawned from spawners: false
[10:54:06] [Server thread/INFO]: Cactus Growth Modifier: 100%
[10:54:06] [Server thread/INFO]: Cane Growth Modifier: 100%
[10:54:06] [Server thread/INFO]: Melon Growth Modifier: 100%
[10:54:06] [Server thread/INFO]: Mushroom Growth Modifier: 100%
[10:54:06] [Server thread/INFO]: Pumpkin Growth Modifier: 100%
[10:54:06] [Server thread/INFO]: Sapling Growth Modifier: 100%
[10:54:06] [Server thread/INFO]: Wheat Growth Modifier: 100%
[10:54:06] [Server thread/INFO]: NetherWart Growth Modifier: 100%
[10:54:06] [Server thread/INFO]: Entity Activation Range: An 32 / Mo 32 / Mi 16
[10:54:06] [Server thread/INFO]: Entity Tracking Range: Pl 48 / An 48 / Mo 48 / Mi 32 / Other 64
[10:54:06] [Server thread/INFO]: Hopper Transfer: 8 Hopper Check: 8 Hopper Amount: 1
[10:54:06] [Server thread/INFO]: Random Lighting Updates: false
[10:54:06] [Server thread/INFO]: Structure Info Saving: true
[10:54:06] [Server thread/INFO]: Sending up to 10 chunks per packet
[10:54:06] [Server thread/INFO]: Max Entity Collisions: 8
[10:54:06] [Server thread/INFO]: Custom Map Seeds:  Village: 10387312 Feature: 14357617
[10:54:06] [Server thread/INFO]: Max TNT Explosions: 100
[10:54:06] [Server thread/INFO]: Tile Max Tick Time: 50ms Entity max Tick Time: 50ms
[10:54:06] [Server thread/INFO]: Item Despawn Rate: 6000
[10:54:06] [Server thread/INFO]: Item Merge Radius: 2.5
[10:54:06] [Server thread/INFO]: Arrow Despawn Rate: 1200
[10:54:06] [Server thread/INFO]: Allow Zombie Pigmen to spawn from portal blocks: true
[10:54:06] [Server thread/INFO]: View Distance: 4
[10:54:06] [Server thread/INFO]: Zombie Aggressive Towards Villager: true
[10:54:06] [Server thread/INFO]: Chunks to Grow per Tick: 650
[10:54:06] [Server thread/INFO]: Clear tick list: false
[10:54:06] [Server thread/INFO]: Experience Merge Radius: 3.0
[10:54:06] [Server thread/INFO]: -------- World Settings For [world_nether] --------
[10:54:06] [Server thread/INFO]: Living Entity Despawn Ranges:  Soft: 32 Hard: 128
[10:54:06] [Server thread/INFO]: Remove invalid mob spawner tile entities: true
[10:54:06] [Server thread/INFO]: Player blocking damage multiplier set to 0.5
[10:54:06] [Server thread/INFO]: Squids will spawn between Y: 45.0 and Y: 63.0
[10:54:06] [Server thread/INFO]: Max height for cactus growth 3. Max height for reed growth 3
[10:54:06] [Server thread/INFO]: Water over lava flow speed: 5
[10:54:06] [Server thread/INFO]: Fix TNT cannons: false
[10:54:06] [Server thread/INFO]: Allow undead horse types to be leashed: false
[10:54:06] [Server thread/INFO]: Keep spawn chunk loaded: true
[10:54:06] [Server thread/INFO]: World async lighting: false
[10:54:06] [Server thread/INFO]: WorldServer TickNextTick cap set at 10000
[10:54:06] [Server thread/INFO]: WorldServer TickNextTickList cap always processes redstone: false
[10:54:06] [Server thread/INFO]: -------- World Settings For [world_the_end] --------
[10:54:06] [Server thread/INFO]: Mob Spawn Range: 4
[10:54:06] [Server thread/INFO]: Anti X-Ray: true
[10:54:06] [Server thread/INFO]: 	Engine Mode: 1
[10:54:06] [Server thread/INFO]: 	Hidden Blocks: [14, 15, 16, 21, 48, 49, 54, 56, 73, 74, 82, 129, 130]
[10:54:06] [Server thread/INFO]: 	Replace Blocks: [1, 5]
[10:54:06] [Server thread/INFO]: Nerfing mobs spawned from spawners: false
[10:54:06] [Server thread/INFO]: Cactus Growth Modifier: 100%
[10:54:06] [Server thread/INFO]: Cane Growth Modifier: 100%
[10:54:06] [Server thread/INFO]: Melon Growth Modifier: 100%
[10:54:06] [Server thread/INFO]: Mushroom Growth Modifier: 100%
[10:54:06] [Server thread/INFO]: Pumpkin Growth Modifier: 100%
[10:54:06] [Server thread/INFO]: Sapling Growth Modifier: 100%
[10:54:06] [Server thread/INFO]: Wheat Growth Modifier: 100%
[10:54:06] [Server thread/INFO]: NetherWart Growth Modifier: 100%
[10:54:06] [Server thread/INFO]: Entity Activation Range: An 32 / Mo 32 / Mi 16
[10:54:06] [Server thread/INFO]: Entity Tracking Range: Pl 48 / An 48 / Mo 48 / Mi 32 / Other 64
[10:54:06] [Server thread/INFO]: Hopper Transfer: 8 Hopper Check: 8 Hopper Amount: 1
[10:54:06] [Server thread/INFO]: Random Lighting Updates: false
[10:54:06] [Server thread/INFO]: Structure Info Saving: true
[10:54:06] [Server thread/INFO]: Sending up to 10 chunks per packet
[10:54:06] [Server thread/INFO]: Max Entity Collisions: 8
[10:54:06] [Server thread/INFO]: Custom Map Seeds:  Village: 10387312 Feature: 14357617
[10:54:06] [Server thread/INFO]: Max TNT Explosions: 100
[10:54:06] [Server thread/INFO]: Tile Max Tick Time: 50ms Entity max Tick Time: 50ms
[10:54:06] [Server thread/INFO]: Item Despawn Rate: 6000
[10:54:06] [Server thread/INFO]: Item Merge Radius: 2.5
[10:54:06] [Server thread/INFO]: Arrow Despawn Rate: 1200
[10:54:06] [Server thread/INFO]: Allow Zombie Pigmen to spawn from portal blocks: true
[10:54:06] [Server thread/INFO]: View Distance: 4
[10:54:06] [Server thread/INFO]: Zombie Aggressive Towards Villager: true
[10:54:06] [Server thread/INFO]: Chunks to Grow per Tick: 650
[10:54:06] [Server thread/INFO]: Clear tick list: false
[10:54:06] [Server thread/INFO]: Experience Merge Radius: 3.0
[10:54:06] [Server thread/INFO]: -------- World Settings For [world_the_end] --------
[10:54:06] [Server thread/INFO]: Living Entity Despawn Ranges:  Soft: 32 Hard: 128
[10:54:06] [Server thread/INFO]: Remove invalid mob spawner tile entities: true
[10:54:06] [Server thread/INFO]: Player blocking damage multiplier set to 0.5
[10:54:06] [Server thread/INFO]: Squids will spawn between Y: 45.0 and Y: 63.0
[10:54:06] [Server thread/INFO]: Max height for cactus growth 3. Max height for reed growth 3
[10:54:06] [Server thread/INFO]: Water over lava flow speed: 5
[10:54:06] [Server thread/INFO]: Fix TNT cannons: false
[10:54:06] [Server thread/INFO]: Allow undead horse types to be leashed: false
[10:54:06] [Server thread/INFO]: Keep spawn chunk loaded: true
[10:54:06] [Server thread/INFO]: World async lighting: false
[10:54:06] [Server thread/INFO]: WorldServer TickNextTick cap set at 10000
[10:54:06] [Server thread/INFO]: WorldServer TickNextTickList cap always processes redstone: false
[10:54:06] [Server thread/INFO]: -------- World Settings For [islandworld] --------
[10:54:06] [Server thread/INFO]: Mob Spawn Range: 4
[10:54:06] [Server thread/INFO]: Anti X-Ray: true
[10:54:06] [Server thread/INFO]: 	Engine Mode: 1
[10:54:06] [Server thread/INFO]: 	Hidden Blocks: [14, 15, 16, 21, 48, 49, 54, 56, 73, 74, 82, 129, 130]
[10:54:06] [Server thread/INFO]: 	Replace Blocks: [1, 5]
[10:54:06] [Server thread/INFO]: Nerfing mobs spawned from spawners: false
[10:54:06] [Server thread/INFO]: Cactus Growth Modifier: 100%
[10:54:06] [Server thread/INFO]: Cane Growth Modifier: 100%
[10:54:06] [Server thread/INFO]: Melon Growth Modifier: 100%
[10:54:06] [Server thread/INFO]: Mushroom Growth Modifier: 100%
[10:54:06] [Server thread/INFO]: Pumpkin Growth Modifier: 100%
[10:54:06] [Server thread/INFO]: Sapling Growth Modifier: 100%
[10:54:06] [Server thread/INFO]: Wheat Growth Modifier: 100%
[10:54:06] [Server thread/INFO]: NetherWart Growth Modifier: 100%
[10:54:06] [Server thread/INFO]: Entity Activation Range: An 32 / Mo 32 / Mi 16
[10:54:06] [Server thread/INFO]: Entity Tracking Range: Pl 48 / An 48 / Mo 48 / Mi 32 / Other 64
[10:54:06] [Server thread/INFO]: Hopper Transfer: 8 Hopper Check: 8 Hopper Amount: 1
[10:54:06] [Server thread/INFO]: Random Lighting Updates: false
[10:54:06] [Server thread/INFO]: Structure Info Saving: true
[10:54:06] [Server thread/INFO]: Sending up to 10 chunks per packet
[10:54:06] [Server thread/INFO]: Max Entity Collisions: 8
[10:54:06] [Server thread/INFO]: Custom Map Seeds:  Village: 10387312 Feature: 14357617
[10:54:06] [Server thread/INFO]: Max TNT Explosions: 100
[10:54:06] [Server thread/INFO]: Tile Max Tick Time: 50ms Entity max Tick Time: 50ms
[10:54:06] [Server thread/INFO]: Item Despawn Rate: 6000
[10:54:06] [Server thread/INFO]: Item Merge Radius: 2.5
[10:54:06] [Server thread/INFO]: Arrow Despawn Rate: 1200
[10:54:06] [Server thread/INFO]: Allow Zombie Pigmen to spawn from portal blocks: true
[10:54:06] [Server thread/INFO]: View Distance: 4
[10:54:06] [Server thread/INFO]: Zombie Aggressive Towards Villager: true
[10:54:06] [Server thread/INFO]: Chunks to Grow per Tick: 650
[10:54:06] [Server thread/INFO]: Clear tick list: false
[10:54:06] [Server thread/INFO]: Experience Merge Radius: 3.0
[10:54:06] [Server thread/INFO]: -------- World Settings For [islandworld] --------
[10:54:06] [Server thread/INFO]: Living Entity Despawn Ranges:  Soft: 32 Hard: 128
[10:54:06] [Server thread/INFO]: Remove invalid mob spawner tile entities: true
[10:54:06] [Server thread/INFO]: Player blocking damage multiplier set to 0.5
[10:54:06] [Server thread/INFO]: Squids will spawn between Y: 45.0 and Y: 63.0
[10:54:06] [Server thread/INFO]: Max height for cactus growth 3. Max height for reed growth 3
[10:54:06] [Server thread/INFO]: Water over lava flow speed: 5
[10:54:06] [Server thread/INFO]: Fix TNT cannons: false
[10:54:06] [Server thread/INFO]: Allow undead horse types to be leashed: false
[10:54:06] [Server thread/INFO]: Keep spawn chunk loaded: true
[10:54:06] [Server thread/INFO]: World async lighting: false
[10:54:06] [Server thread/INFO]: WorldServer TickNextTick cap set at 10000
[10:54:06] [Server thread/INFO]: WorldServer TickNextTickList cap always processes redstone: false
[10:54:06] [Server thread/INFO]: [SuperVanish] Disabling SuperVanish v6.2.12
[10:54:06] [Server thread/INFO]: [IslandWorld] Disabling IslandWorld v9.7
[10:54:06] [Server thread/INFO]: [IslandWorld] Plugin disabled.
[10:54:06] [Server thread/INFO]: [Citizens] Disabling Citizens v2.0.28-SNAPSHOT (build 2357)
[10:54:06] [Server thread/INFO]: [WorldGuard] Disabling WorldGuard v6.1.3-SNAPSHOT;c904242
[10:54:06] [Server thread/INFO]: [WorldGuard] Shutting down executor and waiting for any pending tasks...
[10:54:06] [Server thread/INFO]: [HolographicDisplays] Disabling HolographicDisplays v3.0.4
[10:54:06] [Server thread/INFO]: [ViaVersion] Disabling ViaVersion v4.10.2
[10:54:06] [Server thread/INFO]: [ViaVersion] ViaVersion is disabling, if this is a reload and you experience issues consider rebooting.
[10:54:06] [Server thread/INFO]: [SimpleHomes] Disabling SimpleHomes v2.2
[10:54:06] [Server thread/INFO]: [ClearLag] Disabling ClearLag v3.2.2
[10:54:06] [Server thread/INFO]: [ClearLag] Clearlag is now disabled!
[10:54:06] [Server thread/INFO]: [Multiverse_Spawn] Disabling Multiverse_Spawn v1.1
[10:54:06] [Server thread/INFO]: [WorldEdit] Disabling WorldEdit v6.1;no_git_id
[10:54:06] [Server thread/INFO]: [MoreCommands] Disabling MoreCommands v1.20.0
[10:54:06] [Server thread/INFO]: [0;31;1m|==========================|[m

[10:54:06] [Server thread/INFO]: [0;31;1m|   [0;33;1mMoreCommands v1.20.0[0;31;1m   |[m

[10:54:06] [Server thread/INFO]: [0;31;1m| [0;37;1mMade by [0;33;22mPoisonNightBlade[0;31;1m |[m

[10:54:06] [Server thread/INFO]: [0;31;1m|==========================|[m

[10:54:06] [Server thread/INFO]: [OpenInventory] Disabling OpenInventory v1.2
[10:54:06] [Server thread/INFO]: [OpenInventory] OpenInventory v.1.2 has been disabled!
[10:54:06] [Server thread/WARN]: Plugin `Multiverse_Spawn v1.1' uses the space-character (0x20) in its name `Multiverse Spawn' - this is discouraged
[10:54:06] [Server thread/ERROR]: Could not load 'plugins/Multiverse-Inventories.jar' in folder 'plugins'
org.bukkit.plugin.UnknownDependencyException: Multiverse-Core
	at org.bukkit.plugin.SimplePluginManager.loadPlugins(SimplePluginManager.java:222) ~[patched_1.8.8.jar:git-PaperSpigot-445]
	at org.bukkit.craftbukkit.v1_8_R3.CraftServer.loadPlugins(CraftServer.java:293) ~[patched_1.8.8.jar:git-PaperSpigot-445]
	at org.bukkit.craftbukkit.v1_8_R3.CraftServer.reload(CraftServer.java:767) ~[patched_1.8.8.jar:git-PaperSpigot-445]
	at org.bukkit.Bukkit.reload(Bukkit.java:556) ~[patched_1.8.8.jar:git-PaperSpigot-445]
	at org.bukkit.command.defaults.ReloadCommand.execute(ReloadCommand.java:25) ~[patched_1.8.8.jar:git-PaperSpigot-445]
	at org.bukkit.command.SimpleCommandMap.dispatch(SimpleCommandMap.java:146) ~[patched_1.8.8.jar:git-PaperSpigot-445]
	at org.bukkit.craftbukkit.v1_8_R3.CraftServer.dispatchCommand(CraftServer.java:666) ~[patched_1.8.8.jar:git-PaperSpigot-445]
	at org.bukkit.craftbukkit.v1_8_R3.CraftServer.dispatchServerCommand(CraftServer.java:629) ~[patched_1.8.8.jar:git-PaperSpigot-445]
	at net.minecraft.server.v1_8_R3.DedicatedServer.aO(DedicatedServer.java:416) ~[patched_1.8.8.jar:git-PaperSpigot-445]
	at net.minecraft.server.v1_8_R3.DedicatedServer.B(DedicatedServer.java:379) ~[patched_1.8.8.jar:git-PaperSpigot-445]
	at net.minecraft.server.v1_8_R3.MinecraftServer.A(MinecraftServer.java:713) ~[patched_1.8.8.jar:git-PaperSpigot-445]
	at net.minecraft.server.v1_8_R3.MinecraftServer.run(MinecraftServer.java:616) ~[patched_1.8.8.jar:git-PaperSpigot-445]
	at java.lang.Thread.run(Thread.java:1583) [?:?]
[10:54:06] [Server thread/ERROR]: Could not load 'plugins/SBA-1.5.12.4-all.jar' in folder 'plugins'
org.bukkit.plugin.UnknownDependencyException: BedWars
	at org.bukkit.plugin.SimplePluginManager.loadPlugins(SimplePluginManager.java:222) ~[patched_1.8.8.jar:git-PaperSpigot-445]
	at org.bukkit.craftbukkit.v1_8_R3.CraftServer.loadPlugins(CraftServer.java:293) ~[patched_1.8.8.jar:git-PaperSpigot-445]
	at org.bukkit.craftbukkit.v1_8_R3.CraftServer.reload(CraftServer.java:767) ~[patched_1.8.8.jar:git-PaperSpigot-445]
	at org.bukkit.Bukkit.reload(Bukkit.java:556) ~[patched_1.8.8.jar:git-PaperSpigot-445]
	at org.bukkit.command.defaults.ReloadCommand.execute(ReloadCommand.java:25) ~[patched_1.8.8.jar:git-PaperSpigot-445]
	at org.bukkit.command.SimpleCommandMap.dispatch(SimpleCommandMap.java:146) ~[patched_1.8.8.jar:git-PaperSpigot-445]
	at org.bukkit.craftbukkit.v1_8_R3.CraftServer.dispatchCommand(CraftServer.java:666) ~[patched_1.8.8.jar:git-PaperSpigot-445]
	at org.bukkit.craftbukkit.v1_8_R3.CraftServer.dispatchServerCommand(CraftServer.java:629) ~[patched_1.8.8.jar:git-PaperSpigot-445]
	at net.minecraft.server.v1_8_R3.DedicatedServer.aO(DedicatedServer.java:416) ~[patched_1.8.8.jar:git-PaperSpigot-445]
	at net.minecraft.server.v1_8_R3.DedicatedServer.B(DedicatedServer.java:379) ~[patched_1.8.8.jar:git-PaperSpigot-445]
	at net.minecraft.server.v1_8_R3.MinecraftServer.A(MinecraftServer.java:713) ~[patched_1.8.8.jar:git-PaperSpigot-445]
	at net.minecraft.server.v1_8_R3.MinecraftServer.run(MinecraftServer.java:616) ~[patched_1.8.8.jar:git-PaperSpigot-445]
	at java.lang.Thread.run(Thread.java:1583) [?:?]
[10:54:06] [Server thread/INFO]: [OpenInventory] Loading OpenInventory v1.2
[10:54:06] [Server thread/INFO]: [MoreCommands] Loading MoreCommands v1.20.0
[10:54:06] [Server thread/INFO]: [WorldEdit] Loading WorldEdit v6.1;no_git_id
[10:54:06] [Server thread/INFO]: [Multiverse_Spawn] Loading Multiverse_Spawn v1.1
[10:54:06] [Server thread/INFO]: [ClearLag] Loading ClearLag v3.2.2
[10:54:06] [Server thread/INFO]: [SimpleHomes] Loading SimpleHomes v2.2
[10:54:06] [Server thread/INFO]: [ViaVersion] Loading ViaVersion v4.10.2
[10:54:06] [Server thread/INFO]: [ViaVersion] ViaVersion 4.10.2 is now loaded. Registering protocol transformers and injecting...
[10:54:06] [Server thread/ERROR]: [ViaVersion] ViaVersion is already loaded, this should work fine. If you get any console errors, try rebooting.
[10:54:06] [Via-Mappingloader-0/INFO]: [ViaVersion] Loading block connection mappings ...
[10:54:07] [Server thread/INFO]: [HolographicDisplays] Loading HolographicDisplays v3.0.4
[10:54:07] [Server thread/INFO]: [WorldGuard] Loading WorldGuard v6.1.3-SNAPSHOT;c904242
[10:54:07] [Server thread/INFO]: [Citizens] Loading Citizens v2.0.28-SNAPSHOT (build 2357)
[10:54:07] [Server thread/INFO]: [IslandWorld] Loading IslandWorld v9.7
[10:54:07] [Server thread/INFO]: [SuperVanish] Loading SuperVanish v6.2.12
[10:54:07] [Server thread/INFO]: [OpenInventory] Enabling OpenInventory v1.2
[10:54:07] [Server thread/INFO]: [OpenInventory] OpenInventory v.1.2 has been enabled!
[10:54:07] [Server thread/INFO]: [MoreCommands] Enabling MoreCommands v1.20.0
[10:54:07] [Server thread/INFO]: [WorldEdit] Enabling WorldEdit v6.1;no_git_id
[10:54:07] [Server thread/INFO]: WEPIF: Using the Bukkit Permissions API.
[10:54:07] [Server thread/INFO]: [WorldEdit] Using com.sk89q.worldedit.bukkit.adapter.impl.Spigot_v1_8_R3 as the Bukkit adapter
[10:54:07] [Server thread/INFO]: [Multiverse_Spawn] Enabling Multiverse_Spawn v1.1
[10:54:07] [Server thread/INFO]: [0;31;1m---------------------[m

[10:54:07] [Server thread/INFO]: [0;32;1mMultiverse Spawn[m

[10:54:07] [Server thread/INFO]: [0;32;1mBy: ErkePannekake[m

[10:54:07] [Server thread/INFO]: [0;32;1mVersion: 1.1[m

[10:54:07] [Server thread/INFO]: [0;31;1m---------------------[m

[10:54:07] [Server thread/INFO]: [ClearLag] Enabling ClearLag v3.2.2
[10:54:07] [Server thread/INFO]: [ClearLag] Using version-adapter: LegacyVersionAdapter
[10:54:07] [Server thread/INFO]: [ClearLag] Loading modules...
[10:54:07] [Server thread/INFO]: [ClearLag] Modules enabed, loading config values
[10:54:07] [Server thread/INFO]: [ClearLag] Modules have been loaded!
[10:54:07] [Server thread/INFO]: [ClearLag] Clearlag is now enabled!
[10:54:07] [Thread-12/INFO]: [ClearLag] Checking for updates compatible with your bukkit version [1.8]...
[10:54:07] [Server thread/INFO]: [SimpleHomes] Enabling SimpleHomes v2.2
[10:54:07] [Server thread/INFO]: [ViaVersion] Enabling ViaVersion v4.10.2
[10:54:07] [Server thread/INFO]: [HolographicDisplays] Enabling HolographicDisplays v3.0.4
[10:54:07] [Server thread/INFO]: [0;31;1m[HolographicDisplays] Please do not use /reload or plugin reloaders. Use the command "/holograms reload" instead. You will receive no support for doing this operation.[m

[10:54:08] [Thread-12/INFO]: [ClearLag] No updates found!
[10:54:08] [Server thread/INFO]: [WorldGuard] Enabling WorldGuard v6.1.3-SNAPSHOT;c904242
[10:54:08] [Server thread/INFO]: [WorldGuard] (world) TNT ignition is PERMITTED.
[10:54:08] [Server thread/INFO]: [WorldGuard] (world) Lighters are PERMITTED.
[10:54:08] [Server thread/INFO]: [WorldGuard] (world) Lava fire is blocked.
[10:54:08] [Server thread/INFO]: [WorldGuard] (world) Fire spread is UNRESTRICTED.
[10:54:08] [Server thread/INFO]: [WorldGuard] Loaded configuration for world 'world'
[10:54:08] [Server thread/INFO]: [WorldGuard] (world_nether) TNT ignition is PERMITTED.
[10:54:08] [Server thread/INFO]: [WorldGuard] (world_nether) Lighters are PERMITTED.
[10:54:08] [Server thread/INFO]: [WorldGuard] (world_nether) Lava fire is blocked.
[10:54:08] [Server thread/INFO]: [WorldGuard] (world_nether) Fire spread is UNRESTRICTED.
[10:54:08] [Server thread/INFO]: [WorldGuard] Loaded configuration for world 'world_nether'
[10:54:08] [Server thread/INFO]: [WorldGuard] (world_the_end) TNT ignition is PERMITTED.
[10:54:08] [Server thread/INFO]: [WorldGuard] (world_the_end) Lighters are PERMITTED.
[10:54:08] [Server thread/INFO]: [WorldGuard] (world_the_end) Lava fire is blocked.
[10:54:08] [Server thread/INFO]: [WorldGuard] (world_the_end) Fire spread is UNRESTRICTED.
[10:54:08] [Server thread/INFO]: [WorldGuard] Loaded configuration for world 'world_the_end'
[10:54:08] [Server thread/INFO]: [WorldGuard] (islandworld) TNT ignition is PERMITTED.
[10:54:08] [Server thread/INFO]: [WorldGuard] (islandworld) Lighters are PERMITTED.
[10:54:08] [Server thread/INFO]: [WorldGuard] (islandworld) Lava fire is blocked.
[10:54:08] [Server thread/INFO]: [WorldGuard] (islandworld) Fire spread is UNRESTRICTED.
[10:54:08] [Server thread/INFO]: [WorldGuard] Loaded configuration for world 'islandworld'
[10:54:08] [Server thread/INFO]: [WorldGuard] Loading region data...
[10:54:08] [Server thread/INFO]: [Citizens] Enabling Citizens v2.0.28-SNAPSHOT (build 2357)
[10:54:08] [Server thread/INFO]: [Citizens] Vault not found -> no economy handling.
[10:54:08] [Server thread/INFO]: [IslandWorld] Enabling IslandWorld v9.7
[10:54:08] [Server thread/INFO]: [IslandWorld] Dynmap support disabled
[10:54:08] [Server thread/INFO]: [IslandWorld] Saved plugins/IslandWorld/messages_def.yml
[10:54:08] [Server thread/INFO]: [IslandWorld] Worlds info: islandworld/world[-18.5/86/-251.5/0.0/0.0]
[10:54:08] [Server thread/INFO]: [IslandWorld] Using New Schematic Manager
[10:54:08] [Server thread/INFO]: [IslandWorld] Scheduling auto saver
[10:54:08] [Server thread/INFO]: [IslandWorld] Scheduling auto deleter
[10:54:08] [Server thread/INFO]: [IslandWorld] Checking for updates
[10:54:08] [Server thread/INFO]: [IslandWorld] ########## IslandWorld update ##########
[10:54:08] [Server thread/INFO]: [IslandWorld] A new version of IslandWorld was found!
[10:54:08] [Server thread/INFO]: [IslandWorld] Version found: Island World v8.4
[10:54:08] [Server thread/INFO]: [IslandWorld] Version running: IslandWorld v9.7
[10:54:08] [Server thread/INFO]: [IslandWorld] #####################################
[10:54:08] [Server thread/INFO]: [IslandWorld] Loaded 9999 free islands.
[10:54:08] [Server thread/INFO]: [IslandWorld] Loaded 0 taken islands.
[10:54:08] [Server thread/INFO]: [IslandWorld] Loaded 1 to break islands.
[10:54:08] [Server thread/INFO]: [IslandWorld] Loaded total 10000 total islands
[10:54:08] [Server thread/INFO]: [IslandWorld] Loaded 0 helping players.
[10:54:08] [Server thread/INFO]: [IslandWorld] Loaded 0 points.
[10:54:08] [Server thread/INFO]: [IslandWorld] [0;32;1mIslandWorld 9.7, compiled: Fri Jun 06 09:15:42 UTC 2025[m

[10:54:08] [Server thread/INFO]: [IslandWorld] Plugin enabled.
[10:54:08] [Server thread/INFO]: [SuperVanish] Enabling SuperVanish v6.2.12
[10:54:08] [Server thread/INFO]: [SuperVanish] Please install ProtocolLib to be able to use all SuperVanish features: https://www.spigotmc.org/resources/protocollib.1997/
[10:54:09] [Server thread/INFO]: [SuperVanish] Hooked into Citizens
[10:54:09] [Server thread/WARN]: Server permissions file permissions.yml is not valid YAML.
java.lang.ClassCastException: class java.lang.String cannot be cast to class java.util.Map (java.lang.String and java.util.Map are in module java.base of loader 'bootstrap')
	at org.bukkit.craftbukkit.v1_8_R3.CraftServer.loadCustomPermissions(CraftServer.java:802) ~[patched_1.8.8.jar:git-PaperSpigot-445]
	at org.bukkit.craftbukkit.v1_8_R3.CraftServer.enablePlugins(CraftServer.java:329) ~[patched_1.8.8.jar:git-PaperSpigot-445]
	at org.bukkit.craftbukkit.v1_8_R3.CraftServer.reload(CraftServer.java:769) ~[patched_1.8.8.jar:git-PaperSpigot-445]
	at org.bukkit.Bukkit.reload(Bukkit.java:556) ~[patched_1.8.8.jar:git-PaperSpigot-445]
	at org.bukkit.command.defaults.ReloadCommand.execute(ReloadCommand.java:25) ~[patched_1.8.8.jar:git-PaperSpigot-445]
	at org.bukkit.command.SimpleCommandMap.dispatch(SimpleCommandMap.java:146) ~[patched_1.8.8.jar:git-PaperSpigot-445]
	at org.bukkit.craftbukkit.v1_8_R3.CraftServer.dispatchCommand(CraftServer.java:666) ~[patched_1.8.8.jar:git-PaperSpigot-445]
	at org.bukkit.craftbukkit.v1_8_R3.CraftServer.dispatchServerCommand(CraftServer.java:629) ~[patched_1.8.8.jar:git-PaperSpigot-445]
	at net.minecraft.server.v1_8_R3.DedicatedServer.aO(DedicatedServer.java:416) ~[patched_1.8.8.jar:git-PaperSpigot-445]
	at net.minecraft.server.v1_8_R3.DedicatedServer.B(DedicatedServer.java:379) ~[patched_1.8.8.jar:git-PaperSpigot-445]
	at net.minecraft.server.v1_8_R3.MinecraftServer.A(MinecraftServer.java:713) ~[patched_1.8.8.jar:git-PaperSpigot-445]
	at net.minecraft.server.v1_8_R3.MinecraftServer.run(MinecraftServer.java:616) ~[patched_1.8.8.jar:git-PaperSpigot-445]
	at java.lang.Thread.run(Thread.java:1583) [?:?]
[10:54:09] [Server thread/INFO]: CONSOLE: [0;32;1mReload complete.[m

[10:54:09] [Server thread/INFO]: Timings Reset
[10:54:09] [Server thread/INFO]: [ViaVersion] ViaVersion detected server version: 1.8.x (47)
[10:54:09] [Server thread/WARN]: [ViaVersion] This version of Minecraft is extremely outdated and support for it has reached its end of life. You will still be able to run Via on this Minecraft version, but we are unlikely to provide any further fixes or help with problems specific to legacy Minecraft versions. Please consider updating to give your players a better experience and to avoid issues that have long been fixed.
[10:54:09] [Craft Scheduler Thread - 5/INFO]: [0;32;1m|==========================|[m

[10:54:09] [Craft Scheduler Thread - 5/INFO]: [0;32;1m|   [0;33;1mMoreCommands v1.20.0[0;32;1m   |[m

[10:54:09] [Craft Scheduler Thread - 5/INFO]: [0;32;1m| [0;37;1mMade by [0;33;22mPoisonNightBlade[0;32;1m |[m

[10:54:09] [Craft Scheduler Thread - 5/INFO]: [0;32;1m|==========================|[m

[10:54:09] [Server thread/INFO]: [SuperVanish] Your current version of SuperVanish is outdated - New version: '6.2.20'; Currently: '6.2.12'
[10:54:09] [Craft Scheduler Thread - 5/INFO]: [ViaVersion] Finished mapping loading, shutting down loader executor!
[10:54:09] [Server thread/INFO]: [Citizens] Loaded 1 NPCs.
[10:54:09] [Server thread/WARN]: [ViaVersion] There is a newer plugin version available: 5.3.2, you're on: 4.10.2
