[10:37:20] [main/INFO]: Using mbed TLS based native cipher.
[10:37:20] [main/INFO]: Using zlib based native compressor.
[10:37:20] [main/INFO]: Enabled Waterfall version git:Waterfall-Bootstrap:1.19-R0.1-SNAPSHOT:f6069e2:513
[10:37:20] [main/INFO]: Not on Windows, attempting to use enhanced EpollEventLoop
[10:37:20] [main/INFO]: Epoll is working, utilising it!
[10:37:20] [main/INFO]: Discovered module: ModuleSpec(name=cmd_alert, file=modules/cmd_alert.jar, provider=JenkinsModuleSource())
[10:37:20] [main/INFO]: Discovered module: ModuleSpec(name=cmd_find, file=modules/cmd_find.jar, provider=JenkinsModuleSource())
[10:37:20] [main/INFO]: Discovered module: ModuleSpec(name=cmd_list, file=modules/cmd_list.jar, provider=JenkinsModuleSource())
[10:37:20] [main/INFO]: Discovered module: ModuleSpec(name=cmd_send, file=modules/cmd_send.jar, provider=JenkinsModuleSource())
[10:37:20] [main/INFO]: Discovered module: ModuleSpec(name=cmd_server, file=modules/cmd_server.jar, provider=JenkinsModuleSource())
[10:37:20] [main/INFO]: Discovered module: ModuleSpec(name=reconnect_yaml, file=modules/reconnect_yaml.jar, provider=JenkinsModuleSource())
[10:37:20] [main/INFO]: Loaded plugin reconnect_yaml version git:reconnect_yaml:1.19-R0.1-SNAPSHOT:f6069e2:513 by WaterfallMC
[10:37:20] [main/INFO]: Loaded plugin cmd_find version git:cmd_find:1.19-R0.1-SNAPSHOT:f6069e2:513 by WaterfallMC
[10:37:20] [main/INFO]: Loaded plugin cmd_server version git:cmd_server:1.19-R0.1-SNAPSHOT:f6069e2:513 by WaterfallMC
[10:37:20] [main/INFO]: Loaded plugin cmd_alert version git:cmd_alert:1.19-R0.1-SNAPSHOT:f6069e2:513 by WaterfallMC
[10:37:20] [main/INFO]: Loaded plugin cmd_send version git:cmd_send:1.19-R0.1-SNAPSHOT:f6069e2:513 by WaterfallMC
[10:37:20] [main/INFO]: Loaded plugin cmd_list version git:cmd_list:1.19-R0.1-SNAPSHOT:f6069e2:513 by WaterfallMC
[10:37:20] [main/WARN]: :>:>:>:>:>:>:>:>:>:>:>:>:>:>:>:>:>:>:>:>:>:>:>
[10:37:20] [main/WARN]: :>  
[10:37:20] [main/WARN]: :>      EAGLERCRAFTXBUNGEE WARNING:
[10:37:20] [main/WARN]: :>  
[10:37:20] [main/WARN]: :>  This plugin wasn't tested to be 'working'
[10:37:20] [main/WARN]: :>  with ANY version of BungeeCord (and forks)
[10:37:20] [main/WARN]: :>  apart from the versions listed below:
[10:37:20] [main/WARN]: :>  
[10:37:20] [main/WARN]: :>  - BungeeCord: 1.20-R0.3-SNAPSHOT:eda268b:1797
[10:37:20] [main/WARN]: :>  - Waterfall: 1.20-R0.2-SNAPSHOT:92b5149:562
[10:37:20] [main/WARN]: :>  - FlameCord: 1.1.1
[10:37:20] [main/WARN]: :>  
[10:37:20] [main/WARN]: :>  This is not a Bukkit/Spigot plugin!
[10:37:20] [main/WARN]: :>  
[10:37:20] [main/WARN]: :>  Use "-Deaglerxbungee.stfu=true" to hide
[10:37:20] [main/WARN]: :>  
[10:37:20] [main/WARN]: :>:>:>:>:>:>:>:>:>:>:>:>:>:>:>:>:>:>:>:>:>:>:>
[10:37:20] [main/INFO] [EaglercraftXBungee]: Loading vanilla profile: lax1dude
[10:37:21] [Skin Download Thread #1/INFO] [EaglercraftXBungee]: Loaded vanilla profile: lax1dude
[10:37:21] [main/INFO]: Loaded plugin EaglercraftXBungee version 1.0.10 by lax1dude
[10:37:21] [main/WARN]: Forced host server pvp is not defined
[10:37:21] [main/INFO]: Enabled plugin reconnect_yaml version git:reconnect_yaml:1.19-R0.1-SNAPSHOT:f6069e2:513 by WaterfallMC
[10:37:21] [main/INFO]: Enabled plugin cmd_find version git:cmd_find:1.19-R0.1-SNAPSHOT:f6069e2:513 by WaterfallMC
[10:37:21] [main/INFO]: Enabled plugin cmd_server version git:cmd_server:1.19-R0.1-SNAPSHOT:f6069e2:513 by WaterfallMC
[10:37:21] [main/INFO]: Enabled plugin cmd_alert version git:cmd_alert:1.19-R0.1-SNAPSHOT:f6069e2:513 by WaterfallMC
[10:37:21] [main/INFO]: Enabled plugin cmd_send version git:cmd_send:1.19-R0.1-SNAPSHOT:f6069e2:513 by WaterfallMC
[10:37:21] [main/INFO]: Enabled plugin cmd_list version git:cmd_list:1.19-R0.1-SNAPSHOT:f6069e2:513 by WaterfallMC
[10:37:21] [main/ERROR] [EaglercraftXBungee]: Online mode is set to false! Authentication system has been disabled
[10:37:21] [Netty Worker IO Thread #0/INFO] [EaglercraftXBungee]: Eaglercraft is listening on: /0.0.0.0:8081
[10:37:22] [main/INFO] [EaglercraftXBungee]: Connected to database: jdbc:sqlite:eaglercraft_skins_cache.db
[10:37:22] [main/INFO]: Enabled plugin EaglercraftXBungee version 1.0.10 by lax1dude
[10:37:22] [Netty Boss IO Thread #0/INFO]: Listening on /127.0.0.1:25577
[10:37:22] [EaglerXBungee: Network Tick Tasks/INFO] [EaglercraftXBungee]: Loaded certificate: /workspaces/serverholder-2/bungee/plugins/EaglercraftXBungee/eagcert/$dl.e7d219ca32b33984feb543b8d6ab8b3441e63e5d.cert
[10:37:22] [EaglerXBungee: Network Tick Tasks/INFO] [EaglercraftXBungee]: Loaded certificate: /workspaces/serverholder-2/bungee/plugins/EaglercraftXBungee/eagcert/$dl.ba375b9add3c01ca11899be958188189a3885a59.cert
[10:37:22] [EaglerXBungee: Network Tick Tasks/INFO] [EaglercraftXBungee]: Loaded certificate: /workspaces/serverholder-2/bungee/plugins/EaglercraftXBungee/eagcert/$dl.ac3aaed1273ced06ef766ab055337fbf29dc3347.cert
[10:37:22] [EaglerXBungee: Network Tick Tasks/INFO] [EaglercraftXBungee]: Loaded certificate: /workspaces/serverholder-2/bungee/plugins/EaglercraftXBungee/eagcert/$dl.006172f063140eb5c7b53901b6451a819cf69b0c.cert
